<?xml version="1.0" encoding="UTF-8"?>
<!-- Generated by org.testng.reporters.JUnitReportReporter -->
<testsuite hostname="DESKTOP-0RQF8FK" name="testrunners.EmployeeRegTest" tests="1" failures="0" timestamp="10 Jun 2022 07:07:10 GMT" time="17.565" errors="0">
  <testcase name="feature" time="17.565" classname="testrunners.EmployeeRegTest"/>
</testsuite> <!-- testrunners.EmployeeRegTest -->
